Simulation parameters: L = 10, M = 14, z = 0.78, lat = hexagonal
Program output:
 
Simulation parameters: L = 20, M = 14, z = 0.22, lat = hexagonal
Program output:
 
Simulation parameters: L = 10, M = 14, z = 0.89, lat = hexagonal
Program output:
 
Simulation parameters: L = 10, M = 14, z = 0.44, lat = hexagonal
Program output:
 
Simulation parameters: L = 25, M = 14, z = 0.44, lat = hexagonal
Program output:
 
Simulation parameters: L = 10, M = 14, z = 0.56, lat = hexagonal
Program output:
 
Simulation parameters: L = 10, M = 14, z = 0.11, lat = hexagonal
Program output:
 
Simulation parameters: L = 25, M = 14, z = 0.89, lat = hexagonal
Program output:
 
Simulation parameters: L = 20, M = 14, z = 1.0, lat = hexagonal
Program output:
 
Simulation parameters: L = 15, M = 14, z = 0.89, lat = hexagonal
Program output:
 
Simulation parameters: L = 30, M = 14, z = 0.22, lat = hexagonal
Program output:
 
Simulation parameters: L = 15, M = 14, z = 0.78, lat = hexagonal
Program output:
 
Simulation parameters: L = 25, M = 14, z = 0.78, lat = hexagonal
Program output:
 
Simulation parameters: L = 10, M = 14, z = 0.0, lat = hexagonal
--- C++ EXECUTABLE FAILED ---
Exit Code: 1
Stdout from C++:

Stderr from C++:
Error: All parameters must be positive values.

-------------------------------
Traceback (most recent call last):
  File "/home/tashfiq/wr_lattice/src/actions/project.py", line 88, in <module>
    output = run_wr(BIN, L, M, z, lat)
  File "/home/tashfiq/wr_lattice/src/actions/project.py", line 19, in run_wr
    completed = subprocess.run(
        cmd,
    ...<2 lines>...
        check=True
    )
  File "/home/tashfiq/micromamba/lib/python3.13/subprocess.py", line 577, in run
    raise CalledProcessError(retcode, process.args,
                             output=stdout, stderr=stderr)
subprocess.CalledProcessError: Command '['./main', '--L', '10', '--M', '14', '--z', '0.0', '--lat', 'hexagonal']' returned non-zero exit status 1.
[ERROR row::action] Error executing command.
