Simulation parameters: L = 30, M = 20, z = 0.23, lat = square
Program output:
 
Simulation parameters: L = 30, M = 20, z = 0.36, lat = square
Program output:
 
Simulation parameters: L = 20, M = 20, z = 0.32, lat = square
Program output:
 
Simulation parameters: L = 10, M = 20, z = 0.0, lat = square
--- C++ EXECUTABLE FAILED ---
Exit Code: 1
Stdout from C++:

Stderr from C++:
Error: All parameters must be positive values.

-------------------------------
Traceback (most recent call last):
  File "/home/tashfiq/wr_lattice/src/actions/project.py", line 88, in <module>
    output = run_wr(BIN, L, M, z, lat)
  File "/home/tashfiq/wr_lattice/src/actions/project.py", line 19, in run_wr
    completed = subprocess.run(
        cmd,
    ...<2 lines>...
        check=True
    )
  File "/home/tashfiq/micromamba/lib/python3.13/subprocess.py", line 577, in run
    raise CalledProcessError(retcode, process.args,
                             output=stdout, stderr=stderr)
subprocess.CalledProcessError: Command '['./main', '--L', '10', '--M', '20', '--z', '0.0', '--lat', 'square']' returned non-zero exit status 1.
[ERROR row::action] Error executing command.
